
/home/runner/work/exp-doc-sow-coep/exp-doc-sow-coep/experiment/simulation/js/batchProcess.js
   1:1   warning  'resultJson' is not defined                       no-undef
   2:1   warning  'wrongAttempts' is not defined                    no-undef
   3:1   warning  'timerMasterJson' is not defined                  no-undef
   4:5   warning  'cntValidate' is assigned a value but never used  no-unused-vars
   7:1   warning  '$' is not defined                                no-undef
   8:2   warning  '$' is not defined                                no-undef
   9:3   warning  '$' is not defined                                no-undef
  10:2   warning  'htm' is not defined                              no-undef
  60:2   warning  '$' is not defined                                no-undef
  60:22  warning  'htm' is not defined                              no-undef
  62:11  warning  'handleSelection' is defined but never used       no-unused-vars
  68:2   warning  '$' is not defined                                no-undef
  69:25  warning  '$' is not defined                                no-undef
  89:5   warning  '$' is not defined                                no-undef
  93:2   warning  '$' is not defined                                no-undef
  94:3   warning  'boilerSchema' is not defined                     no-undef

/home/runner/work/exp-doc-sow-coep/exp-doc-sow-coep/experiment/simulation/js/batchProcess1.js
   1:1   warning  'resultJson' is not defined                       no-undef
   2:1   warning  'wrongAttempts' is not defined                    no-undef
   3:1   warning  'timerMasterJson' is not defined                  no-undef
   4:5   warning  'cntValidate' is assigned a value but never used  no-unused-vars
   7:1   warning  '$' is not defined                                no-undef
   8:2   warning  '$' is not defined                                no-undef
   9:2   warning  '$' is not defined                                no-undef
  11:2   warning  'htm' is not defined                              no-undef
  58:1   warning  '$' is not defined                                no-undef
  58:21  warning  'htm' is not defined                              no-undef
  60:13  warning  'handleSelection' is defined but never used       no-unused-vars
  67:2   warning  '$' is not defined                                no-undef
  70:2   warning  '$' is not defined                                no-undef
  71:3   warning  'boilerSchema' is not defined                     no-undef

/home/runner/work/exp-doc-sow-coep/exp-doc-sow-coep/experiment/simulation/js/boilerSchema.js
    2:10  warning  'boilerSchema' is defined but never used  no-unused-vars
    3:2   warning  '$' is not defined                        no-undef
    4:2   warning  '$' is not defined                        no-undef
    5:2   warning  '$' is not defined                        no-undef
    6:2   warning  '$' is not defined                        no-undef
    7:2   warning  'timerMasterJson' is not defined          no-undef
    7:29  warning  '$' is not defined                        no-undef
    8:14  warning  'timerMasterJson' is not defined          no-undef
    9:2   warning  'seconds' is not defined                  no-undef
   10:1   warning  Mixed spaces and tabs                     no-mixed-spaces-and-tabs
   10:4   warning  'updateCounter' is not defined            no-undef
   12:3   warning  'htm' is not defined                      no-undef
  153:1   warning  '$' is not defined                        no-undef
  153:21  warning  'htm' is not defined                      no-undef
  160:16  warning  'Raphael' is not defined                  no-undef
  190:1   warning  Mixed spaces and tabs                     no-mixed-spaces-and-tabs
  230:11  warning  'isValidDrop' is defined but never used   no-unused-vars
  231:10  warning  'predefinedPaths1' is not defined         no-undef
  343:3   warning  'resultJson' is not defined               no-undef
  345:4   warning  'Swal' is not defined                     no-undef
  353:4   warning  'resultJson' is not defined               no-undef
  360:4   warning  'spray' is not defined                    no-undef
  367:5   warning  'Swal' is not defined                     no-undef
  377:5   warning  'Swal' is not defined                     no-undef

/home/runner/work/exp-doc-sow-coep/exp-doc-sow-coep/experiment/simulation/js/bootstrap.min.js
  6:71     warning  'exports' is not defined       no-undef
  6:79     warning  'require' is not defined       no-undef
  6:97     warning  'require' is not defined       no-undef
  6:146    warning  'define' is not defined        no-undef
  6:157    warning  'define' is not defined        no-undef
  6:657    warning  'r' is a function              no-func-assign
  6:38683  warning  'n' is defined but never used  no-unused-vars

/home/runner/work/exp-doc-sow-coep/exp-doc-sow-coep/experiment/simulation/js/client.js
    2:10  warning  'clientProject' is defined but never used  no-unused-vars
    3:2   warning  '$' is not defined                         no-undef
    4:2   warning  '$' is not defined                         no-undef
    5:2   warning  '$' is not defined                         no-undef
    6:2   warning  '$' is not defined                         no-undef
    7:2   warning  'timerMasterJson' is not defined           no-undef
    7:29  warning  '$' is not defined                         no-undef
    8:14  warning  'timerMasterJson' is not defined           no-undef
    9:2   warning  'seconds' is not defined                   no-undef
   10:1   warning  Mixed spaces and tabs                      no-mixed-spaces-and-tabs
   10:4   warning  'updateCounter' is not defined             no-undef
   12:3   warning  'htm' is not defined                       no-undef
  130:1   warning  '$' is not defined                         no-undef
  130:21  warning  'htm' is not defined                       no-undef
  137:16  warning  'Raphael' is not defined                   no-undef
  178:9   warning  'text' is assigned a value but never used  no-unused-vars
  215:11  warning  'isValidDrop' is defined but never used    no-unused-vars
  216:10  warning  'predefinedPaths1' is not defined          no-undef
  314:3   warning  'resultJson' is not defined                no-undef
  316:4   warning  'Swal' is not defined                      no-undef
  324:4   warning  'resultJson' is not defined                no-undef
  331:4   warning  'spray' is not defined                     no-undef
  338:5   warning  'Swal' is not defined                      no-undef
  348:5   warning  'Swal' is not defined                      no-undef
  363:3   warning  'clientMang' is not defined                no-undef

/home/runner/work/exp-doc-sow-coep/exp-doc-sow-coep/experiment/simulation/js/clientMang.js
    2:10  warning  'clientMang' is defined but never used     no-unused-vars
    3:2   warning  '$' is not defined                         no-undef
    4:2   warning  '$' is not defined                         no-undef
    5:2   warning  '$' is not defined                         no-undef
    6:2   warning  '$' is not defined                         no-undef
    7:2   warning  'timerMasterJson' is not defined           no-undef
    7:29  warning  '$' is not defined                         no-undef
    8:14  warning  'timerMasterJson' is not defined           no-undef
    9:2   warning  'seconds' is not defined                   no-undef
   10:1   warning  Mixed spaces and tabs                      no-mixed-spaces-and-tabs
   10:4   warning  'updateCounter' is not defined             no-undef
   12:3   warning  'htm' is not defined                       no-undef
  121:1   warning  '$' is not defined                         no-undef
  121:21  warning  'htm' is not defined                       no-undef
  128:16  warning  'Raphael' is not defined                   no-undef
  169:9   warning  'text' is assigned a value but never used  no-unused-vars
  209:11  warning  'isValidDrop' is defined but never used    no-unused-vars
  210:10  warning  'predefinedPaths1' is not defined          no-undef
  311:3   warning  'resultJson' is not defined                no-undef
  313:4   warning  'Swal' is not defined                      no-undef
  321:4   warning  'resultJson' is not defined                no-undef
  328:4   warning  'spray' is not defined                     no-undef
  335:5   warning  'Swal' is not defined                      no-undef
  345:5   warning  'Swal' is not defined                      no-undef
  360:3   warning  '$' is not defined                         no-undef
  361:3   warning  '$' is not defined                         no-undef
  366:2   warning  Mixed spaces and tabs                      no-mixed-spaces-and-tabs
  386:12  warning  '$' is not defined                         no-undef

/home/runner/work/exp-doc-sow-coep/exp-doc-sow-coep/experiment/simulation/js/consultant.js
    2:10  warning  'boilerSchema' is defined but never used   no-unused-vars
    3:2   warning  '$' is not defined                         no-undef
    5:2   warning  '$' is not defined                         no-undef
    6:2   warning  '$' is not defined                         no-undef
    7:2   warning  'timerMasterJson' is not defined           no-undef
    7:29  warning  '$' is not defined                         no-undef
    8:14  warning  'timerMasterJson' is not defined           no-undef
    9:2   warning  'seconds' is not defined                   no-undef
   10:1   warning  Mixed spaces and tabs                      no-mixed-spaces-and-tabs
   10:4   warning  'updateCounter' is not defined             no-undef
   12:3   warning  'htm' is not defined                       no-undef
  149:1   warning  '$' is not defined                         no-undef
  149:21  warning  'htm' is not defined                       no-undef
  156:16  warning  'Raphael' is not defined                   no-undef
  197:9   warning  'text' is assigned a value but never used  no-unused-vars
  234:11  warning  'isValidDrop' is defined but never used    no-unused-vars
  235:10  warning  'predefinedPaths1' is not defined          no-undef
  347:3   warning  'resultJson' is not defined                no-undef
  349:4   warning  'Swal' is not defined                      no-undef
  357:4   warning  'resultJson' is not defined                no-undef
  364:4   warning  'spray' is not defined                     no-undef
  371:5   warning  'Swal' is not defined                      no-undef
  381:5   warning  'Swal' is not defined                      no-undef
  397:3   warning  'contractor' is not defined                no-undef

/home/runner/work/exp-doc-sow-coep/exp-doc-sow-coep/experiment/simulation/js/contractor.js
    2:10  warning  'contractor' is defined but never used     no-unused-vars
    3:2   warning  '$' is not defined                         no-undef
    4:2   warning  '$' is not defined                         no-undef
    5:2   warning  '$' is not defined                         no-undef
    6:2   warning  '$' is not defined                         no-undef
    7:2   warning  'timerMasterJson' is not defined           no-undef
    7:29  warning  '$' is not defined                         no-undef
    8:14  warning  'timerMasterJson' is not defined           no-undef
    9:2   warning  'seconds' is not defined                   no-undef
   10:1   warning  Mixed spaces and tabs                      no-mixed-spaces-and-tabs
   10:4   warning  'updateCounter' is not defined             no-undef
   12:3   warning  'htm' is not defined                       no-undef
  119:1   warning  '$' is not defined                         no-undef
  119:21  warning  'htm' is not defined                       no-undef
  126:16  warning  'Raphael' is not defined                   no-undef
  167:9   warning  'text' is assigned a value but never used  no-unused-vars
  204:11  warning  'isValidDrop' is defined but never used    no-unused-vars
  205:10  warning  'predefinedPaths1' is not defined          no-undef
  316:3   warning  'resultJson' is not defined                no-undef
  318:4   warning  'Swal' is not defined                      no-undef
  326:4   warning  'resultJson' is not defined                no-undef
  333:4   warning  'spray' is not defined                     no-undef
  340:5   warning  'Swal' is not defined                      no-undef
  350:5   warning  'Swal' is not defined                      no-undef
  365:3   warning  'clientProject' is not defined             no-undef

/home/runner/work/exp-doc-sow-coep/exp-doc-sow-coep/experiment/simulation/js/result.js
    2:10  warning  'result' is defined but never used  no-unused-vars
    3:14  warning  'resultJson' is not defined         no-undef
    4:2   warning  '$' is not defined                  no-undef
    5:2   warning  '$' is not defined                  no-undef
    6:2   warning  '$' is not defined                  no-undef
    8:1   warning  'timerMasterJson' is not defined    no-undef
    8:24  warning  '$' is not defined                  no-undef
    9:14  warning  'timerMasterJson' is not defined    no-undef
   10:2   warning  'seconds' is not defined            no-undef
   11:2   warning  'updateCounter' is not defined      no-undef
   12:2   warning  '$' is not defined                  no-undef
   13:2   warning  '$' is not defined                  no-undef
   14:2   warning  '$' is not defined                  no-undef
   16:2   warning  'htm' is not defined                no-undef
   96:55  warning  'resultJson' is not defined         no-undef
  112:53  warning  'resultJson' is not defined         no-undef
  130:50  warning  'resultJson' is not defined         no-undef
  147:50  warning  'resultJson' is not defined         no-undef
  165:5   warning  '$' is not defined                  no-undef
  165:25  warning  'htm' is not defined                no-undef
  167:26  warning  'resultJson' is not defined         no-undef
  168:26  warning  'resultJson' is not defined         no-undef
  169:26  warning  'resultJson' is not defined         no-undef
  170:26  warning  'resultJson' is not defined         no-undef
  174:2   warning  Mixed spaces and tabs               no-mixed-spaces-and-tabs
  175:1   warning  Mixed spaces and tabs               no-mixed-spaces-and-tabs
  178:1   warning  Mixed spaces and tabs               no-mixed-spaces-and-tabs
  178:3   warning  '$' is not defined                  no-undef
  179:2   warning  Mixed spaces and tabs               no-mixed-spaces-and-tabs
  181:32  warning  'timerMasterJson' is not defined    no-undef
  183:1   warning  Mixed spaces and tabs               no-mixed-spaces-and-tabs
  183:3   warning  '$' is not defined                  no-undef
  184:2   warning  Mixed spaces and tabs               no-mixed-spaces-and-tabs
  188:2   warning  Mixed spaces and tabs               no-mixed-spaces-and-tabs
  188:8   warning  'str' is already defined            no-redeclare
  189:3   warning  Mixed spaces and tabs               no-mixed-spaces-and-tabs
  190:2   warning  Mixed spaces and tabs               no-mixed-spaces-and-tabs
  191:2   warning  Mixed spaces and tabs               no-mixed-spaces-and-tabs
  192:2   warning  Mixed spaces and tabs               no-mixed-spaces-and-tabs
  192:8   warning  '$' is not defined                  no-undef
  193:2   warning  Mixed spaces and tabs               no-mixed-spaces-and-tabs
  193:8   warning  'str1' is already defined           no-redeclare
  195:35  warning  'timerMasterJson' is not defined    no-undef
  197:7   warning  Mixed spaces and tabs               no-mixed-spaces-and-tabs
  197:13  warning  '$' is not defined                  no-undef
  202:2   warning  Mixed spaces and tabs               no-mixed-spaces-and-tabs
  202:8   warning  'str' is already defined            no-redeclare
  203:1   warning  Mixed spaces and tabs               no-mixed-spaces-and-tabs
  206:2   warning  Mixed spaces and tabs               no-mixed-spaces-and-tabs
  206:8   warning  '$' is not defined                  no-undef
  207:2   warning  Mixed spaces and tabs               no-mixed-spaces-and-tabs
  207:8   warning  'str1' is already defined           no-redeclare
  209:34  warning  'timerMasterJson' is not defined    no-undef
  211:7   warning  Mixed spaces and tabs               no-mixed-spaces-and-tabs
  211:13  warning  '$' is not defined                  no-undef
  216:2   warning  Mixed spaces and tabs               no-mixed-spaces-and-tabs
  216:8   warning  'str' is already defined            no-redeclare
  217:3   warning  Mixed spaces and tabs               no-mixed-spaces-and-tabs
  218:2   warning  Mixed spaces and tabs               no-mixed-spaces-and-tabs
  219:2   warning  Mixed spaces and tabs               no-mixed-spaces-and-tabs
  220:2   warning  Mixed spaces and tabs               no-mixed-spaces-and-tabs
  220:8   warning  '$' is not defined                  no-undef
  221:2   warning  Mixed spaces and tabs               no-mixed-spaces-and-tabs
  221:8   warning  'str1' is already defined           no-redeclare
  223:34  warning  'timerMasterJson' is not defined    no-undef
  225:7   warning  Mixed spaces and tabs               no-mixed-spaces-and-tabs
  225:13  warning  '$' is not defined                  no-undef
  229:2   warning  Mixed spaces and tabs               no-mixed-spaces-and-tabs
  229:8   warning  'str' is already defined            no-redeclare
  230:1   warning  Mixed spaces and tabs               no-mixed-spaces-and-tabs
  233:2   warning  Mixed spaces and tabs               no-mixed-spaces-and-tabs
  233:8   warning  '$' is not defined                  no-undef
  234:2   warning  Mixed spaces and tabs               no-mixed-spaces-and-tabs
  234:8   warning  'str1' is already defined           no-redeclare
  236:35  warning  'timerMasterJson' is not defined    no-undef
  238:7   warning  Mixed spaces and tabs               no-mixed-spaces-and-tabs
  238:13  warning  '$' is not defined                  no-undef
  242:2   warning  Mixed spaces and tabs               no-mixed-spaces-and-tabs
  242:8   warning  'str' is already defined            no-redeclare
  243:3   warning  Mixed spaces and tabs               no-mixed-spaces-and-tabs
  244:2   warning  Mixed spaces and tabs               no-mixed-spaces-and-tabs
  245:2   warning  Mixed spaces and tabs               no-mixed-spaces-and-tabs
  246:2   warning  Mixed spaces and tabs               no-mixed-spaces-and-tabs
  246:8   warning  '$' is not defined                  no-undef
  247:2   warning  Mixed spaces and tabs               no-mixed-spaces-and-tabs
  247:8   warning  'str1' is already defined           no-redeclare
  249:35  warning  'timerMasterJson' is not defined    no-undef
  251:7   warning  Mixed spaces and tabs               no-mixed-spaces-and-tabs
  251:13  warning  '$' is not defined                  no-undef
  255:2   warning  Mixed spaces and tabs               no-mixed-spaces-and-tabs
  255:8   warning  'str' is already defined            no-redeclare
  256:1   warning  Mixed spaces and tabs               no-mixed-spaces-and-tabs
  259:2   warning  Mixed spaces and tabs               no-mixed-spaces-and-tabs
  259:8   warning  '$' is not defined                  no-undef
  260:6   warning  'str1' is already defined           no-redeclare
  262:32  warning  'timerMasterJson' is not defined    no-undef
  264:1   warning  Mixed spaces and tabs               no-mixed-spaces-and-tabs
  264:3   warning  '$' is not defined                  no-undef
  268:2   warning  Mixed spaces and tabs               no-mixed-spaces-and-tabs
  268:8   warning  'str' is already defined            no-redeclare
  269:3   warning  Mixed spaces and tabs               no-mixed-spaces-and-tabs
  270:2   warning  Mixed spaces and tabs               no-mixed-spaces-and-tabs
  271:2   warning  Mixed spaces and tabs               no-mixed-spaces-and-tabs
  272:2   warning  Mixed spaces and tabs               no-mixed-spaces-and-tabs
  272:8   warning  '$' is not defined                  no-undef
  273:2   warning  Mixed spaces and tabs               no-mixed-spaces-and-tabs
  273:8   warning  'str1' is already defined           no-redeclare
  275:35  warning  'timerMasterJson' is not defined    no-undef
  277:7   warning  Mixed spaces and tabs               no-mixed-spaces-and-tabs
  277:13  warning  '$' is not defined                  no-undef
  284:2   warning  'Highcharts' is not defined         no-undef
  286:1   warning  Mixed spaces and tabs               no-mixed-spaces-and-tabs
  287:1   warning  Mixed spaces and tabs               no-mixed-spaces-and-tabs
  288:1   warning  Mixed spaces and tabs               no-mixed-spaces-and-tabs
  289:1   warning  Mixed spaces and tabs               no-mixed-spaces-and-tabs
  290:1   warning  Mixed spaces and tabs               no-mixed-spaces-and-tabs
  291:1   warning  Mixed spaces and tabs               no-mixed-spaces-and-tabs
  292:1   warning  Mixed spaces and tabs               no-mixed-spaces-and-tabs
  294:3   warning  Duplicate key 'credits'             no-dupe-keys
  295:1   warning  Mixed spaces and tabs               no-mixed-spaces-and-tabs
  296:1   warning  Mixed spaces and tabs               no-mixed-spaces-and-tabs
  297:1   warning  Mixed spaces and tabs               no-mixed-spaces-and-tabs
  298:1   warning  Mixed spaces and tabs               no-mixed-spaces-and-tabs
  299:1   warning  Mixed spaces and tabs               no-mixed-spaces-and-tabs
  300:1   warning  Mixed spaces and tabs               no-mixed-spaces-and-tabs
  312:1   warning  Mixed spaces and tabs               no-mixed-spaces-and-tabs
  313:1   warning  Mixed spaces and tabs               no-mixed-spaces-and-tabs
  314:1   warning  Mixed spaces and tabs               no-mixed-spaces-and-tabs
  315:1   warning  Mixed spaces and tabs               no-mixed-spaces-and-tabs
  316:1   warning  Mixed spaces and tabs               no-mixed-spaces-and-tabs
  317:1   warning  Mixed spaces and tabs               no-mixed-spaces-and-tabs
  318:1   warning  Mixed spaces and tabs               no-mixed-spaces-and-tabs
  319:1   warning  Mixed spaces and tabs               no-mixed-spaces-and-tabs
  320:1   warning  Mixed spaces and tabs               no-mixed-spaces-and-tabs
  321:1   warning  Mixed spaces and tabs               no-mixed-spaces-and-tabs
  322:1   warning  Mixed spaces and tabs               no-mixed-spaces-and-tabs
  324:1   warning  Mixed spaces and tabs               no-mixed-spaces-and-tabs
  325:1   warning  Mixed spaces and tabs               no-mixed-spaces-and-tabs
  326:1   warning  Mixed spaces and tabs               no-mixed-spaces-and-tabs
  327:1   warning  Mixed spaces and tabs               no-mixed-spaces-and-tabs
  328:1   warning  Mixed spaces and tabs               no-mixed-spaces-and-tabs
  329:1   warning  Mixed spaces and tabs               no-mixed-spaces-and-tabs
  330:1   warning  Mixed spaces and tabs               no-mixed-spaces-and-tabs
  331:1   warning  Mixed spaces and tabs               no-mixed-spaces-and-tabs
  332:1   warning  Mixed spaces and tabs               no-mixed-spaces-and-tabs
  333:1   warning  Mixed spaces and tabs               no-mixed-spaces-and-tabs
  335:1   warning  Mixed spaces and tabs               no-mixed-spaces-and-tabs
  336:1   warning  Mixed spaces and tabs               no-mixed-spaces-and-tabs
  337:1   warning  Mixed spaces and tabs               no-mixed-spaces-and-tabs
  338:1   warning  Mixed spaces and tabs               no-mixed-spaces-and-tabs
  339:1   warning  Mixed spaces and tabs               no-mixed-spaces-and-tabs
  340:1   warning  Mixed spaces and tabs               no-mixed-spaces-and-tabs
  341:1   warning  Mixed spaces and tabs               no-mixed-spaces-and-tabs
  342:1   warning  Mixed spaces and tabs               no-mixed-spaces-and-tabs
  343:1   warning  Mixed spaces and tabs               no-mixed-spaces-and-tabs
  344:1   warning  Mixed spaces and tabs               no-mixed-spaces-and-tabs

/home/runner/work/exp-doc-sow-coep/exp-doc-sow-coep/experiment/simulation/js/timer.js
   6:1  warning  '$' is not defined  no-undef
  21:4  warning  '$' is not defined  no-undef

/home/runner/work/exp-doc-sow-coep/exp-doc-sow-coep/experiment/simulation/lib/jquery.js
  2:58     warning  'module' is not defined                                                    no-undef
  2:73     warning  'module' is not defined                                                    no-undef
  2:6324   warning  Expected a conditional expression and instead saw an assignment            no-cond-assign
  2:6580   warning  Expected a conditional expression and instead saw an assignment            no-cond-assign
  2:7011   warning  Expected a conditional expression and instead saw an assignment            no-cond-assign
  2:7270   warning  Empty block statement                                                      no-empty
  2:7839   warning  Expected a conditional expression and instead saw an assignment            no-cond-assign
  2:9709   warning  Expected a conditional expression and instead saw an assignment            no-cond-assign
  2:11311  warning  Expected a conditional expression and instead saw an assignment            no-cond-assign
  2:11887  warning  Expected a conditional expression and instead saw an assignment            no-cond-assign
  2:11925  warning  Expected a conditional expression and instead saw an assignment            no-cond-assign
  2:12343  warning  Empty block statement                                                      no-empty
  2:12906  warning  Expected a conditional expression and instead saw an assignment            no-cond-assign
  2:13218  warning  Expected a conditional expression and instead saw an assignment            no-cond-assign
  2:15046  warning  Expected a conditional expression and instead saw an assignment            no-cond-assign
  2:15317  warning  Expected a conditional expression and instead saw an assignment            no-cond-assign
  2:15517  warning  Expected a conditional expression and instead saw an assignment            no-cond-assign
  2:15893  warning  Do not access Object.prototype method 'hasOwnProperty' from target object  no-prototype-builtins
  2:16598  warning  Expected a conditional expression and instead saw an assignment            no-cond-assign
  2:18982  warning  Expected a conditional expression and instead saw an assignment            no-cond-assign
  2:19073  warning  Expected a conditional expression and instead saw an assignment            no-cond-assign
  2:19133  warning  Expected a conditional expression and instead saw an assignment            no-cond-assign
  2:20435  warning  Expected a conditional expression and instead saw an assignment            no-cond-assign
  2:21049  warning  Expected a conditional expression and instead saw an assignment            no-cond-assign
  2:21160  warning  Expected a conditional expression and instead saw an assignment            no-cond-assign
  2:23420  warning  Unnecessary escape character: \[                                           no-useless-escape
  2:23422  warning  Unnecessary escape character: \.                                           no-useless-escape
  2:30761  warning  Empty block statement                                                      no-empty
  2:31981  warning  Empty block statement                                                      no-empty
  3:7811   warning  Expected a conditional expression and instead saw an assignment            no-cond-assign
  3:7951   warning  Expected a conditional expression and instead saw an assignment            no-cond-assign
  3:8441   warning  Empty block statement                                                      no-empty
  3:11852  warning  Empty block statement                                                      no-empty
  3:14493  warning  Empty block statement                                                      no-empty
  3:24051  warning  Empty block statement                                                      no-empty
  3:26100  warning  Move function declaration to function body root                            no-inner-declarations
  3:30714  warning  Empty block statement                                                      no-empty
  4:2546   warning  Expected a conditional expression and instead saw an assignment            no-cond-assign
  4:5062   warning  Expected a conditional expression and instead saw an assignment            no-cond-assign
  4:11701  warning  Expected a conditional expression and instead saw an assignment            no-cond-assign
  4:13447  warning  Empty block statement                                                      no-empty
  4:14747  warning  Expected a conditional expression and instead saw an assignment            no-cond-assign
  4:14827  warning  Expected a conditional expression and instead saw an assignment            no-cond-assign
  4:15164  warning  Expected a conditional expression and instead saw an assignment            no-cond-assign
  4:15244  warning  Expected a conditional expression and instead saw an assignment            no-cond-assign
  4:15659  warning  Expected a conditional expression and instead saw an assignment            no-cond-assign
  4:15915  warning  Expected a conditional expression and instead saw an assignment            no-cond-assign
  4:16492  warning  Unnecessary escape character: \/                                           no-useless-escape
  4:17365  warning  Unnecessary escape character: \/                                           no-useless-escape
  4:17377  warning  Unnecessary escape character: \/                                           no-useless-escape
  4:17610  warning  Expected a conditional expression and instead saw an assignment            no-cond-assign
  4:20109  warning  Expected a conditional expression and instead saw an assignment            no-cond-assign
  4:22009  warning  Expected a conditional expression and instead saw an assignment            no-cond-assign
  4:27128  warning  Empty block statement                                                      no-empty
  4:27205  warning  Empty block statement                                                      no-empty
  5:812    warning  'define' is not defined                                                    no-undef
  5:824    warning  'define' is not defined                                                    no-undef

/home/runner/work/exp-doc-sow-coep/exp-doc-sow-coep/experiment/simulation/lib/jquery.min.js
  2:71     warning  'module' is not defined                                                    no-undef
  2:86     warning  'module' is not defined                                                    no-undef
  2:5433   warning  Unexpected control character(s) in regular expression: \x1f, \x1f          no-control-regex
  2:5916   warning  Expected a conditional expression and instead saw an assignment            no-cond-assign
  2:6170   warning  Expected a conditional expression and instead saw an assignment            no-cond-assign
  2:6614   warning  Expected a conditional expression and instead saw an assignment            no-cond-assign
  2:7404   warning  Expected a conditional expression and instead saw an assignment            no-cond-assign
  2:9497   warning  Expected a conditional expression and instead saw an assignment            no-cond-assign
  2:9807   warning  Expected a conditional expression and instead saw an assignment            no-cond-assign
  2:11608  warning  Expected a conditional expression and instead saw an assignment            no-cond-assign
  2:12183  warning  Expected a conditional expression and instead saw an assignment            no-cond-assign
  2:12221  warning  Expected a conditional expression and instead saw an assignment            no-cond-assign
  2:13234  warning  Expected a conditional expression and instead saw an assignment            no-cond-assign
  2:13546  warning  Expected a conditional expression and instead saw an assignment            no-cond-assign
  2:15374  warning  Expected a conditional expression and instead saw an assignment            no-cond-assign
  2:15645  warning  Expected a conditional expression and instead saw an assignment            no-cond-assign
  2:15843  warning  Expected a conditional expression and instead saw an assignment            no-cond-assign
  2:16217  warning  Do not access Object.prototype method 'hasOwnProperty' from target object  no-prototype-builtins
  2:16907  warning  Expected a conditional expression and instead saw an assignment            no-cond-assign
  2:18727  warning  Expected a conditional expression and instead saw an assignment            no-cond-assign
  2:18827  warning  Expected a conditional expression and instead saw an assignment            no-cond-assign
  2:18887  warning  Expected a conditional expression and instead saw an assignment            no-cond-assign
  2:19071  warning  Expected a conditional expression and instead saw an assignment            no-cond-assign
  2:20240  warning  Expected a conditional expression and instead saw an assignment            no-cond-assign
  2:21514  warning  Expected a conditional expression and instead saw an assignment            no-cond-assign
  2:21625  warning  Expected a conditional expression and instead saw an assignment            no-cond-assign
  2:23791  warning  Unnecessary escape character: \/                                           no-useless-escape
  2:33395  warning  Empty block statement                                                      no-empty
  2:37269  warning  Unnecessary escape character: \/                                           no-useless-escape
  2:38490  warning  Expected a conditional expression and instead saw an assignment            no-cond-assign
  2:38606  warning  Expected a conditional expression and instead saw an assignment            no-cond-assign
  2:39234  warning  Empty block statement                                                      no-empty
  2:46727  warning  Unnecessary escape character: \/                                           no-useless-escape
  2:49033  warning  Expected a conditional expression and instead saw an assignment            no-cond-assign
  2:50593  warning  Empty block statement                                                      no-empty
  2:58406  warning  Expected a conditional expression and instead saw an assignment            no-cond-assign
  2:59575  warning  Expected a conditional expression and instead saw an assignment            no-cond-assign
  2:65215  warning  Expected a conditional expression and instead saw an assignment            no-cond-assign
  2:66958  warning  Expected a conditional expression and instead saw an assignment            no-cond-assign
  2:67024  warning  Expected a conditional expression and instead saw an assignment            no-cond-assign
  2:67328  warning  Expected a conditional expression and instead saw an assignment            no-cond-assign
  2:67394  warning  Expected a conditional expression and instead saw an assignment            no-cond-assign
  2:67801  warning  Expected a conditional expression and instead saw an assignment            no-cond-assign
  2:68078  warning  Expected a conditional expression and instead saw an assignment            no-cond-assign
  2:73449  warning  Expected a conditional expression and instead saw an assignment            no-cond-assign
  2:75043  warning  Expected a conditional expression and instead saw an assignment            no-cond-assign
  2:75823  warning  'r.href' is assigned to itself                                             no-self-assign
  2:80414  warning  Empty block statement                                                      no-empty
  2:83525  warning  Expected a conditional expression and instead saw an assignment            no-cond-assign
  2:87869  warning  'define' is not defined                                                    no-undef
  2:87881  warning  'define' is not defined                                                    no-undef

/home/runner/work/exp-doc-sow-coep/exp-doc-sow-coep/experiment/simulation/lib/raphael.js
  5800:60  error  Parsing error: Deleting local variable in strict mode

/home/runner/work/exp-doc-sow-coep/exp-doc-sow-coep/experiment/simulation/lib/raphael.min.js
  1:66     warning  'module' is not defined                                                                                                                          no-undef
  1:112    warning  'define' is not defined                                                                                                                          no-undef
  1:123    warning  'define' is not defined                                                                                                                          no-undef
  1:161    warning  'exports' is not defined                                                                                                                         no-undef
  1:1566   warning  'DocumentTouch' is not defined                                                                                                                   no-undef
  1:2001   warning  Unnecessary escape character: \.                                                                                                                 no-useless-escape
  1:2017   warning  Unnecessary escape character: \.                                                                                                                 no-useless-escape
  1:2033   warning  Unnecessary escape character: \.                                                                                                                 no-useless-escape
  1:2052   warning  Unnecessary escape character: \.                                                                                                                 no-useless-escape
  1:2081   warning  Unnecessary escape character: \.                                                                                                                 no-useless-escape
  1:2110   warning  Unnecessary escape character: \.                                                                                                                 no-useless-escape
  1:2126   warning  Unnecessary escape character: \.                                                                                                                 no-useless-escape
  1:2145   warning  Unnecessary escape character: \.                                                                                                                 no-useless-escape
  1:2174   warning  Unnecessary escape character: \.                                                                                                                 no-useless-escape
  1:2203   warning  Unnecessary escape character: \.                                                                                                                 no-useless-escape
  1:2219   warning  Unnecessary escape character: \.                                                                                                                 no-useless-escape
  1:2238   warning  Unnecessary escape character: \.                                                                                                                 no-useless-escape
  1:2346   warning  Unnecessary escape character: \)                                                                                                                 no-useless-escape
  1:3257   warning  Unexpected control character(s) in regular expression: \x09, \x0a, \x0b, \x0c, \x0d, \x09, \x0a, \x0b, \x0c, \x0d                                no-control-regex
  1:3582   warning  Unexpected control character(s) in regular expression: \x09, \x0a, \x0b, \x0c, \x0d, \x09, \x0a, \x0b, \x0c, \x0d, \x09, \x0a, \x0b, \x0c, \x0d  no-control-regex
  1:3756   warning  Unnecessary escape character: \-                                                                                                                 no-useless-escape
  1:4055   warning  Unexpected control character(s) in regular expression: \x09, \x0a, \x0b, \x0c, \x0d, \x09, \x0a, \x0b, \x0c, \x0d, \x09, \x0a, \x0b, \x0c, \x0d  no-control-regex
  1:4222   warning  Unnecessary escape character: \-                                                                                                                 no-useless-escape
  1:4521   warning  Unexpected control character(s) in regular expression: \x09, \x0a, \x0b, \x0c, \x0d, \x09, \x0a, \x0b, \x0c, \x0d                                no-control-regex
  1:4539   warning  Unnecessary escape character: \-                                                                                                                 no-useless-escape
  1:4856   warning  Unexpected control character(s) in regular expression: \x09, \x0a, \x0b, \x0c, \x0d, \x09, \x0a, \x0b, \x0c, \x0d                                no-control-regex
  1:5154   warning  Unnecessary escape character: \)                                                                                                                 no-useless-escape
  1:7857   warning  'ActiveXObject' is not defined                                                                                                                   no-undef
  1:7931   warning  'createPopup' is not defined                                                                                                                     no-undef
  1:19015  warning  Expected a 'break' statement before 'default'                                                                                                    no-fallthrough
  1:20113  warning  Expected a 'break' statement before 'default'                                                                                                    no-fallthrough
  1:20421  warning  Expected a 'break' statement before 'default'                                                                                                    no-fallthrough
  1:24342  warning  Unnecessary escape character: \.                                                                                                                 no-useless-escape
  1:35757  warning  't' is defined but never used                                                                                                                    no-unused-vars
  1:49075  warning  'r' is defined but never used                                                                                                                    no-unused-vars
  1:50549  warning  'i' is defined but never used                                                                                                                    no-unused-vars
  1:50598  warning  'r' is defined but never used                                                                                                                    no-unused-vars
  1:52666  warning  Unnecessary escape character: \}                                                                                                                 no-useless-escape
  1:53074  warning  Empty block statement                                                                                                                            no-empty
  1:53754  warning  Unnecessary escape character: \)                                                                                                                 no-useless-escape
  1:60967  warning  Unnecessary escape character: \-                                                                                                                 no-useless-escape
  1:72245  warning  Unnecessary escape character: \-                                                                                                                 no-useless-escape
  1:72515  warning  Unnecessary escape character: \(                                                                                                                 no-useless-escape
  1:72517  warning  Unnecessary escape character: \)                                                                                                                 no-useless-escape
  1:75570  warning  Expected a conditional expression and instead saw an assignment                                                                                  no-cond-assign
  1:77369  warning  Expected a 'break' statement before 'case'                                                                                                       no-fallthrough
  1:77405  warning  Expected a 'break' statement before 'case'                                                                                                       no-fallthrough
  1:77447  warning  Expected a 'break' statement before 'case'                                                                                                       no-fallthrough
  1:77582  warning  Expected a 'break' statement before 'case'                                                                                                       no-fallthrough
  1:77619  warning  Expected a 'break' statement before 'case'                                                                                                       no-fallthrough
  1:77661  warning  Expected a 'break' statement before 'case'                                                                                                       no-fallthrough
  1:79325  warning  Expected a 'break' statement before 'case'                                                                                                       no-fallthrough
  1:79783  warning  Expected a 'break' statement before 'case'                                                                                                       no-fallthrough
  1:79973  warning  Expected a 'break' statement before 'default'                                                                                                    no-fallthrough
  1:80032  warning  Unnecessary escape character: \-                                                                                                                 no-useless-escape
  1:89485  warning  'r' is defined but never used                                                                                                                    no-unused-vars
  1:89543  warning  Unnecessary escape character: \.                                                                                                                 no-useless-escape
  1:89545  warning  Unnecessary escape character: \/                                                                                                                 no-useless-escape
  1:90733  warning  Unnecessary escape character: \.                                                                                                                 no-useless-escape
  1:90735  warning  Unnecessary escape character: \^                                                                                                                 no-useless-escape
  1:90739  warning  Unnecessary escape character: \[                                                                                                                 no-useless-escape
  1:90741  warning  Unnecessary escape character: \-                                                                                                                 no-useless-escape
  1:90780  warning  Unnecessary escape character: \.                                                                                                                 no-useless-escape
  1:90782  warning  Unnecessary escape character: \/                                                                                                                 no-useless-escape
  1:91000  warning  Do not access Object.prototype method 'hasOwnProperty' from target object                                                                        no-prototype-builtins

✖ 495 problems (1 error, 494 warnings)

